<?xml version="1.0" ?>
<!DOCTYPE coverage SYSTEM "http://cobertura.sourceforge.net/xml/coverage-04.dtd">
<coverage lines-valid="7" lines-covered="7" line-rate="1" branches-valid="0" branches-covered="0" branch-rate="1" timestamp="1616236616190" complexity="0" version="0.1">
  <sources>
    <source>C:\Data\test\spfxdummy</source>
  </sources>
  <packages>
    <class name="HelloWorld.tsx" filename="src\webparts\helloWorld\components\HelloWorld.tsx" line-rate="1" branch-rate="1">
      <methods>
        <method name="(anonymous_6)" hits="3" signature="()V">
          <lines>
            <line number="6" hits="3"/>
          </lines>
        </method>
        <method name="(anonymous_8)" hits="2" signature="()V">
          <lines>
            <line number="7" hits="2"/>
          </lines>
        </method>
      </methods>
      <lines>
        <line number="1" hits="1" branch="false"/>
        <line number="2" hits="1" branch="false"/>
        <line number="4" hits="1" branch="false"/>
        <line number="6" hits="1" branch="false"/>
        <line number="7" hits="1" branch="false"/>
        <line number="8" hits="2" branch="false"/>
        <line number="26" hits="1" branch="false"/>
      </lines>
    </class>
  </packages>
</coverage>
